<?xml version="1.0" encoding="UTF-8"?>
<testng-results ignored="0" total="1" passed="1" failed="0" skipped="0">
  <reporter-output>
  </reporter-output>
  <suite started-at="2021-08-17T11:44:53 CEST" name="Default suite" finished-at="2021-08-17T11:44:55 CEST" duration-ms="2062">
    <groups>
    </groups>
    <test started-at="2021-08-17T11:44:53 CEST" name="Default test" finished-at="2021-08-17T11:44:55 CEST" duration-ms="2062">
      <class name="Assignment_upgrade">
        <test-method signature="assignment()[pri:0, instance:Assignment_upgrade@4cc8eb05]" started-at="2021-08-17T11:44:53 CEST" name="assignment" finished-at="2021-08-17T11:44:55 CEST" duration-ms="2028" status="PASS">
          <reporter-output>
          </reporter-output>
        </test-method> <!-- assignment -->
      </class> <!-- Assignment_upgrade -->
    </test> <!-- Default test -->
  </suite> <!-- Default suite -->
</testng-results>
